<?xml version="1.0" encoding="UTF-8"?>
<testsuite name="ru.SimplePackage.SimpleTest" tests="2" skipped="0" failures="1" errors="0" timestamp="2021-01-27T13:20:07" hostname="dsk-timofeev" time="0.022">
  <properties/>
  <testcase name="firstTest" classname="ru.SimplePackage.SimpleTest" time="0.02">
    <failure message="java.lang.AssertionError" type="java.lang.AssertionError">java.lang.AssertionError
	at org.junit.Assert.fail(Assert.java:86)
	at org.junit.Assert.assertTrue(Assert.java:41)
	at org.junit.Assert.assertTrue(Assert.java:52)
	at ru.SimplePackage.SimpleTest.firstTest(SimpleTest.java:45)
	at sun.reflect.NativeMethodAccessorImpl.invoke0(Native Method)
	at sun.reflect.NativeMethodAccessorImpl.invoke(NativeMethodAccessorImpl.java:62)
	at sun.reflect.DelegatingMethodAccessorImpl.invoke(DelegatingMethodAccessorImpl.java:43)
	at java.lang.reflect.Method.invoke(Method.java:498)
	at org.junit.runners.model.FrameworkMethod$1.runReflectiveCall$original$3MQ7O6em(FrameworkMethod.java:50)
	at org.junit.runners.model.FrameworkMethod$1.runReflectiveCall$original$3MQ7O6em$accessor$M7qZQFUM(FrameworkMethod.java)
	at org.junit.runners.model.FrameworkMethod$1$auxiliary$FqNMO7je.call(Unknown Source)
	at com.nordstrom.automation.junit.LifecycleHooks.callProxy(LifecycleHooks.java:443)
	at com.nordstrom.automation.junit.RunReflectiveCall.intercept(RunReflectiveCall.java:85)
	at org.junit.runners.model.FrameworkMethod$1.runReflectiveCall(FrameworkMethod.java)
	at org.junit.internal.runners.model.ReflectiveCallable.run(ReflectiveCallable.java:12)
	at org.junit.runners.model.FrameworkMethod.invokeExplosively(FrameworkMethod.java:47)
	at org.junit.internal.runners.statements.InvokeMethod.evaluate(InvokeMethod.java:17)
	at org.junit.internal.runners.statements.RunBefores.evaluate(RunBefores.java:26)
	at org.junit.internal.runners.statements.RunAfters.evaluate(RunAfters.java:27)
	at org.junit.runners.ParentRunner.runLeaf(ParentRunner.java:325)
	at org.junit.runners.BlockJUnit4ClassRunner.runChild$original$AfpxOqb4(BlockJUnit4ClassRunner.java:78)
	at org.junit.runners.BlockJUnit4ClassRunner.runChild$original$AfpxOqb4$accessor$3d8eSAGB(BlockJUnit4ClassRunner.java)
	at org.junit.runners.BlockJUnit4ClassRunner$auxiliary$v4fhopEI.call(Unknown Source)
	at com.nordstrom.automation.junit.LifecycleHooks.callProxy(LifecycleHooks.java:443)
	at com.nordstrom.automation.junit.RunChild.intercept(RunChild.java:57)
	at org.junit.runners.BlockJUnit4ClassRunner.runChild(BlockJUnit4ClassRunner.java)
	at org.junit.runners.BlockJUnit4ClassRunner.runChild(BlockJUnit4ClassRunner.java:57)
	at org.junit.runners.ParentRunner$3.run(ParentRunner.java:290)
	at org.junit.runners.ParentRunner$1.schedule(ParentRunner.java:71)
	at org.junit.runners.ParentRunner.runChildren(ParentRunner.java:288)
	at org.junit.runners.ParentRunner.access$000(ParentRunner.java:58)
	at org.junit.runners.ParentRunner$2.evaluate(ParentRunner.java:268)
	at org.junit.internal.runners.statements.RunBefores.evaluate(RunBefores.java:26)
	at org.junit.internal.runners.statements.RunAfters.evaluate(RunAfters.java:27)
	at org.junit.runners.ParentRunner.run$original$6sGqfHjG(ParentRunner.java:363)
	at org.junit.runners.ParentRunner.run$original$6sGqfHjG$accessor$Vj1TfREG(ParentRunner.java)
	at org.junit.runners.ParentRunner$auxiliary$cYr3fxVA.call(Unknown Source)
	at com.nordstrom.automation.junit.LifecycleHooks.callProxy(LifecycleHooks.java:443)
	at com.nordstrom.automation.junit.Run.intercept(Run.java:55)
	at org.junit.runners.ParentRunner.run(ParentRunner.java)
	at org.junit.runners.BlockJUnit4ClassRunner.run$accessor$3d8eSAGB(BlockJUnit4ClassRunner.java)
	at org.junit.runners.BlockJUnit4ClassRunner$auxiliary$6fIRgnnd.call(Unknown Source)
	at com.nordstrom.automation.junit.LifecycleHooks.callProxy(LifecycleHooks.java:443)
	at com.nordstrom.automation.junit.Run.intercept(Run.java:55)
	at org.junit.runners.BlockJUnit4ClassRunner.run(BlockJUnit4ClassRunner.java)
	at org.gradle.api.internal.tasks.testing.junit.JUnitTestClassExecutor.runTestClass(JUnitTestClassExecutor.java:110)
	at org.gradle.api.internal.tasks.testing.junit.JUnitTestClassExecutor.execute(JUnitTestClassExecutor.java:58)
	at org.gradle.api.internal.tasks.testing.junit.JUnitTestClassExecutor.execute(JUnitTestClassExecutor.java:38)
	at org.gradle.api.internal.tasks.testing.junit.AbstractJUnitTestClassProcessor.processTestClass(AbstractJUnitTestClassProcessor.java:62)
	at org.gradle.api.internal.tasks.testing.SuiteTestClassProcessor.processTestClass(SuiteTestClassProcessor.java:51)
	at sun.reflect.NativeMethodAccessorImpl.invoke0(Native Method)
	at sun.reflect.NativeMethodAccessorImpl.invoke(NativeMethodAccessorImpl.java:62)
	at sun.reflect.DelegatingMethodAccessorImpl.invoke(DelegatingMethodAccessorImpl.java:43)
	at java.lang.reflect.Method.invoke(Method.java:498)
	at org.gradle.internal.dispatch.ReflectionDispatch.dispatch(ReflectionDispatch.java:35)
	at org.gradle.internal.dispatch.ReflectionDispatch.dispatch(ReflectionDispatch.java:24)
	at org.gradle.internal.dispatch.ContextClassLoaderDispatch.dispatch(ContextClassLoaderDispatch.java:32)
	at org.gradle.internal.dispatch.ProxyDispatchAdapter$DispatchingInvocationHandler.invoke(ProxyDispatchAdapter.java:93)
	at com.sun.proxy.$Proxy4.processTestClass(Unknown Source)
	at org.gradle.api.internal.tasks.testing.worker.TestWorker.processTestClass(TestWorker.java:118)
	at sun.reflect.NativeMethodAccessorImpl.invoke0(Native Method)
	at sun.reflect.NativeMethodAccessorImpl.invoke(NativeMethodAccessorImpl.java:62)
	at sun.reflect.DelegatingMethodAccessorImpl.invoke(DelegatingMethodAccessorImpl.java:43)
	at java.lang.reflect.Method.invoke(Method.java:498)
	at org.gradle.internal.dispatch.ReflectionDispatch.dispatch(ReflectionDispatch.java:35)
	at org.gradle.internal.dispatch.ReflectionDispatch.dispatch(ReflectionDispatch.java:24)
	at org.gradle.internal.remote.internal.hub.MessageHubBackedObjectConnection$DispatchWrapper.dispatch(MessageHubBackedObjectConnection.java:175)
	at org.gradle.internal.remote.internal.hub.MessageHubBackedObjectConnection$DispatchWrapper.dispatch(MessageHubBackedObjectConnection.java:157)
	at org.gradle.internal.remote.internal.hub.MessageHub$Handler.run(MessageHub.java:404)
	at org.gradle.internal.concurrent.ExecutorPolicy$CatchAndRecordFailures.onExecute(ExecutorPolicy.java:63)
	at org.gradle.internal.concurrent.ManagedExecutorImpl$1.run(ManagedExecutorImpl.java:46)
	at java.util.concurrent.ThreadPoolExecutor.runWorker(ThreadPoolExecutor.java:1149)
	at java.util.concurrent.ThreadPoolExecutor$Worker.run(ThreadPoolExecutor.java:624)
	at org.gradle.internal.concurrent.ThreadFactoryImpl$ManagedThreadRunnable.run(ThreadFactoryImpl.java:55)
	at java.lang.Thread.run(Thread.java:748)
</failure>
  </testcase>
  <testcase name="secondTest" classname="ru.SimplePackage.SimpleTest" time="0.001"/>
  <system-out><![CDATA[16:20:06.783 [Test worker] DEBUG com.nordstrom.automation.junit.Run - runStarted: org.junit.runners.BlockJUnit4ClassRunner@5283ad51
16:20:07.407 [Test worker] DEBUG com.nordstrom.automation.junit.RunReflectiveCall - beforeInvocation: init(ru.SimplePackage.SimpleTest)
16:20:07.427 [Test worker] DEBUG com.nordstrom.automation.junit.RunReflectiveCall - afterInvocation: init(ru.SimplePackage.SimpleTest)
16:20:07.583 [Test worker] WARN com.nordstrom.automation.junit.JUnitConfig - Unable to locate configuration at path 'junit.properties'
16:20:07.606 [Test worker] DEBUG com.nordstrom.automation.junit.CreateTest - testObjectCreated: ru.SimplePackage.SimpleTest@2b9f1915
16:20:07.610 [Test worker] DEBUG com.nordstrom.automation.junit.RunAnnouncer - testStarted: firstTest(ru.SimplePackage.SimpleTest)
16:20:07.614 [Test worker] DEBUG com.nordstrom.automation.junit.RunReflectiveCall - beforeInvocation: setUp(ru.SimplePackage.SimpleTest)
16:20:07.614 [Test worker] DEBUG com.nordstrom.automation.junit.RunReflectiveCall - afterInvocation: setUp(ru.SimplePackage.SimpleTest)
16:20:07.614 [Test worker] DEBUG com.nordstrom.automation.junit.RunReflectiveCall - beforeInvocation: firstTest(ru.SimplePackage.SimpleTest)
16:20:07.622 [Test worker] DEBUG com.nordstrom.automation.junit.RunReflectiveCall - afterInvocation: firstTest(ru.SimplePackage.SimpleTest)
16:20:07.622 [Test worker] DEBUG com.nordstrom.automation.junit.RunReflectiveCall - beforeInvocation: tearDown(ru.SimplePackage.SimpleTest)
16:20:07.623 [Test worker] DEBUG com.nordstrom.automation.junit.RunReflectiveCall - afterInvocation: tearDown(ru.SimplePackage.SimpleTest)
16:20:07.629 [Test worker] DEBUG com.nordstrom.automation.junit.RunAnnouncer - testFailure: firstTest(ru.SimplePackage.SimpleTest): null
16:20:07.631 [Test worker] DEBUG com.nordstrom.automation.junit.RunAnnouncer - testFinished: firstTest(ru.SimplePackage.SimpleTest)
16:20:07.631 [Test worker] DEBUG com.nordstrom.automation.junit.CreateTest - testObjectCreated: ru.SimplePackage.SimpleTest@4cab247b
16:20:07.632 [Test worker] DEBUG com.nordstrom.automation.junit.RunAnnouncer - testStarted: secondTest(ru.SimplePackage.SimpleTest)
16:20:07.632 [Test worker] DEBUG com.nordstrom.automation.junit.RunReflectiveCall - beforeInvocation: setUp(ru.SimplePackage.SimpleTest)
16:20:07.632 [Test worker] DEBUG com.nordstrom.automation.junit.RunReflectiveCall - afterInvocation: setUp(ru.SimplePackage.SimpleTest)
16:20:07.632 [Test worker] DEBUG com.nordstrom.automation.junit.RunReflectiveCall - beforeInvocation: secondTest(ru.SimplePackage.SimpleTest)
16:20:07.632 [Test worker] DEBUG com.nordstrom.automation.junit.RunReflectiveCall - afterInvocation: secondTest(ru.SimplePackage.SimpleTest)
16:20:07.632 [Test worker] DEBUG com.nordstrom.automation.junit.RunReflectiveCall - beforeInvocation: tearDown(ru.SimplePackage.SimpleTest)
16:20:07.633 [Test worker] DEBUG com.nordstrom.automation.junit.RunReflectiveCall - afterInvocation: tearDown(ru.SimplePackage.SimpleTest)
16:20:07.633 [Test worker] DEBUG com.nordstrom.automation.junit.RunAnnouncer - testFinished: secondTest(ru.SimplePackage.SimpleTest)
16:20:07.634 [Test worker] DEBUG com.nordstrom.automation.junit.RunReflectiveCall - beforeInvocation: finish(ru.SimplePackage.SimpleTest)
16:20:07.634 [Test worker] DEBUG com.nordstrom.automation.junit.RunReflectiveCall - afterInvocation: finish(ru.SimplePackage.SimpleTest)
16:20:07.634 [Test worker] DEBUG com.nordstrom.automation.junit.Run - runFinished: org.junit.runners.BlockJUnit4ClassRunner@5283ad51
]]></system-out>
  <system-err><![CDATA[]]></system-err>
</testsuite>
